[INFO ] 2022-03-19 17:10:54.916 [main] BaseClass - opened browser
[INFO ] 2022-03-19 17:10:55.018 [main] BaseClass - etered username
[INFO ] 2022-03-19 17:10:55.085 [main] BaseClass - entered password
[INFO ] 2022-03-19 17:12:08.478 [main] BaseClass - opened browser
[INFO ] 2022-03-19 17:12:08.582 [main] BaseClass - etered username
[INFO ] 2022-03-19 17:12:08.652 [main] BaseClass - entered password
[INFO ] 2022-03-19 20:13:13.738 [main] BaseClass - opened browser
[INFO ] 2022-03-19 20:40:03.314 [main] BaseClass - opened browser
[INFO ] 2022-03-19 20:40:03.528 [main] BaseClass - etered username
[INFO ] 2022-03-19 20:40:03.649 [main] BaseClass - entered password
[INFO ] 2022-03-19 20:46:40.917 [main] BaseClass - Browser Opened and Instarent Website Launched
[INFO ] 2022-03-19 20:46:43.004 [main] BaseClass - User Email Entered
[INFO ] 2022-03-19 20:46:43.064 [main] BaseClass - User Password Entered
[INFO ] 2022-03-19 21:28:10.919 [main] BaseClass - Browser Opened and Instarent Website Launched
[INFO ] 2022-03-19 21:28:11.013 [main] BaseClass - User Email Entered
[INFO ] 2022-03-19 21:28:11.080 [main] BaseClass - User Password Entered
[INFO ] 2022-03-19 21:31:50.439 [main] BaseClass - Browser Opened and Instarent Website Launched
[INFO ] 2022-03-19 21:31:50.533 [main] BaseClass - User Email Entered
[INFO ] 2022-03-19 21:31:50.600 [main] BaseClass - User Password Entered
[INFO ] 2022-03-19 21:36:57.072 [main] BaseClass - Browser Opened and Instarent Website Launched
[INFO ] 2022-03-19 21:36:57.188 [main] BaseClass - User Email Entered
[INFO ] 2022-03-19 21:36:57.265 [main] BaseClass - User Password Entered
[INFO ] 2022-03-19 21:39:17.286 [main] BaseClass - Browser Opened and Instarent Website Launched
[INFO ] 2022-03-19 21:39:17.405 [main] BaseClass - User Email Entered
[INFO ] 2022-03-19 21:39:17.526 [main] BaseClass - User Password Entered
[INFO ] 2022-03-21 16:40:36.474 [main] BaseClass - Browser Opened and Instarent Website Launched
[INFO ] 2022-03-21 16:40:38.887 [main] BaseClass - User Email Entered
[INFO ] 2022-03-21 16:40:38.950 [main] BaseClass - User Password Entered
[INFO ] 2022-03-21 16:47:16.888 [main] BaseClass - Browser Opened and Instarent Website Launched
[INFO ] 2022-03-21 16:47:16.986 [main] BaseClass - User Email Entered
[INFO ] 2022-03-21 16:47:17.062 [main] BaseClass - User Password Entered
[INFO ] 2022-03-21 16:57:36.626 [main] BaseClass - Browser Opened and Instarent Website Launched
[INFO ] 2022-03-21 16:57:36.731 [main] BaseClass - User Email Entered
[INFO ] 2022-03-21 16:57:36.799 [main] BaseClass - User Password Entered
[INFO ] 2022-03-21 16:59:13.141 [main] BaseClass - Browser Opened and Instarent Website Launched
[INFO ] 2022-03-21 16:59:13.233 [main] BaseClass - User Email Entered
[INFO ] 2022-03-21 16:59:13.305 [main] BaseClass - User Password Entered
[INFO ] 2022-03-21 17:01:42.750 [main] BaseClass - Browser Opened and Instarent Website Launched
[INFO ] 2022-03-21 17:01:42.864 [main] BaseClass - User Email Entered
[INFO ] 2022-03-21 17:01:42.935 [main] BaseClass - User Password Entered
[INFO ] 2022-03-21 17:03:18.909 [main] BaseClass - Browser Opened and Instarent Website Launched
[INFO ] 2022-03-21 17:03:19.019 [main] BaseClass - User Email Entered
[INFO ] 2022-03-21 17:03:19.087 [main] BaseClass - User Password Entered
[INFO ] 2022-03-22 10:16:53.373 [main] BaseClass - Browser Opened and Instarent Website Launched
[INFO ] 2022-03-22 10:16:54.216 [main] BaseClass - User Email Entered
[INFO ] 2022-03-22 10:16:54.309 [main] BaseClass - User Password Entered
[INFO ] 2022-03-22 10:18:11.474 [main] BaseClass - Browser Opened and Instarent Website Launched
[INFO ] 2022-03-22 10:18:11.567 [main] BaseClass - User Email Entered
[INFO ] 2022-03-22 10:18:11.632 [main] BaseClass - User Password Entered
[INFO ] 2022-03-22 10:19:01.602 [main] BaseClass - Browser Opened and Instarent Website Launched
[INFO ] 2022-03-22 10:19:01.687 [main] BaseClass - User Email Entered
[INFO ] 2022-03-22 10:19:01.753 [main] BaseClass - User Password Entered
[INFO ] 2022-03-22 10:21:19.880 [main] BaseClass - Browser Opened and Instarent Website Launched
[INFO ] 2022-03-22 10:21:19.977 [main] BaseClass - User Email Entered
[INFO ] 2022-03-22 10:21:20.046 [main] BaseClass - User Password Entered
[INFO ] 2022-03-22 10:23:40.586 [main] BaseClass - Browser Opened and Instarent Website Launched
[INFO ] 2022-03-22 10:23:40.683 [main] BaseClass - User Email Entered
[INFO ] 2022-03-22 10:23:40.751 [main] BaseClass - User Password Entered
[INFO ] 2022-03-22 10:24:38.132 [main] BaseClass - Browser Opened and Instarent Website Launched
[INFO ] 2022-03-22 10:24:38.237 [main] BaseClass - User Email Entered
[INFO ] 2022-03-22 10:24:38.313 [main] BaseClass - User Password Entered
[INFO ] 2022-03-22 10:26:01.863 [main] BaseClass - Browser Opened and Instarent Website Launched
[INFO ] 2022-03-22 10:26:01.966 [main] BaseClass - User Email Entered
[INFO ] 2022-03-22 10:26:02.031 [main] BaseClass - User Password Entered
[INFO ] 2022-03-22 10:27:43.375 [main] BaseClass - Browser Opened and Instarent Website Launched
[INFO ] 2022-03-22 10:27:43.468 [main] BaseClass - User Email Entered
[INFO ] 2022-03-22 10:27:43.540 [main] BaseClass - User Password Entered
[INFO ] 2022-03-22 10:29:08.370 [main] BaseClass - Browser Opened and Instarent Website Launched
[INFO ] 2022-03-22 10:29:08.476 [main] BaseClass - User Email Entered
[INFO ] 2022-03-22 10:29:08.553 [main] BaseClass - User Password Entered
[INFO ] 2022-03-22 11:16:15.686 [main] BaseClass - Browser Opened and Instarent Website Launched
[INFO ] 2022-03-22 11:16:15.771 [main] BaseClass - User Email Entered
[INFO ] 2022-03-22 11:16:15.831 [main] BaseClass - User Password Entered
[INFO ] 2022-03-22 15:09:56.488 [main] BaseClass - Browser Opened and Instarent Website Launched
[INFO ] 2022-03-22 15:09:57.416 [main] BaseClass - User Email Entered
[INFO ] 2022-03-22 15:09:57.504 [main] BaseClass - User Password Entered
[INFO ] 2022-03-22 15:10:58.922 [main] BaseClass - Browser Opened and Instarent Website Launched
[INFO ] 2022-03-22 15:10:59.045 [main] BaseClass - User Email Entered
[INFO ] 2022-03-22 15:10:59.123 [main] BaseClass - User Password Entered
[INFO ] 2022-03-22 15:13:37.443 [main] BaseClass - Browser Opened and Instarent Website Launched
[INFO ] 2022-03-22 15:13:37.600 [main] BaseClass - User Email Entered
[INFO ] 2022-03-22 15:13:37.698 [main] BaseClass - User Password Entered
[INFO ] 2022-03-22 15:14:35.209 [main] BaseClass - Browser Opened and Instarent Website Launched
[INFO ] 2022-03-22 15:14:35.401 [main] BaseClass - User Email Entered
[INFO ] 2022-03-22 15:14:35.533 [main] BaseClass - User Password Entered
[INFO ] 2022-03-22 15:17:20.995 [main] BaseClass - Browser Opened and Instarent Website Launched
[INFO ] 2022-03-22 15:17:21.197 [main] BaseClass - User Email Entered
[INFO ] 2022-03-22 15:17:21.316 [main] BaseClass - User Password Entered
[INFO ] 2022-03-22 15:22:15.184 [main] BaseClass - Browser Opened and Instarent Website Launched
[INFO ] 2022-03-22 15:22:15.333 [main] BaseClass - User Email Entered
[INFO ] 2022-03-22 15:22:15.461 [main] BaseClass - User Password Entered
[INFO ] 2022-03-22 15:23:02.080 [main] BaseClass - Browser Opened and Instarent Website Launched
[INFO ] 2022-03-22 15:23:02.271 [main] BaseClass - User Email Entered
[INFO ] 2022-03-22 15:23:02.390 [main] BaseClass - User Password Entered
[INFO ] 2022-03-22 15:23:38.586 [main] BaseClass - Browser Opened and Instarent Website Launched
[INFO ] 2022-03-22 15:23:38.758 [main] BaseClass - User Email Entered
[INFO ] 2022-03-22 15:23:38.872 [main] BaseClass - User Password Entered
[INFO ] 2022-03-22 15:29:59.142 [main] BaseClass - Browser Opened and Instarent Website Launched
[INFO ] 2022-03-22 15:29:59.276 [main] BaseClass - User Email Entered
[INFO ] 2022-03-22 15:29:59.362 [main] BaseClass - User Password Entered
[INFO ] 2022-03-22 19:17:30.775 [main] BaseClass - Browser Opened and Instarent Website Launched
[INFO ] 2022-03-22 19:18:09.854 [main] BaseClass - Browser Opened and Instarent Website Launched
[INFO ] 2022-03-22 19:18:09.993 [main] BaseClass - User Email Entered
[INFO ] 2022-03-22 19:18:10.099 [main] BaseClass - User Password Entered
[INFO ] 2022-03-22 22:40:53.349 [main] BaseClass - Browser Opened and Instarent Website Launched
[INFO ] 2022-03-22 22:43:13.531 [main] BaseClass - Browser Opened and Instarent Website Launched
[INFO ] 2022-03-22 22:43:14.905 [main] BaseClass - User Email Entered
[INFO ] 2022-03-22 22:43:14.969 [main] BaseClass - User Password Entered
[INFO ] 2022-03-23 14:26:57.975 [main] BaseClass - Browser Opened and Instarent Website Launched
[INFO ] 2022-03-23 14:26:58.126 [main] BaseClass - User Email Entered
[INFO ] 2022-03-23 14:26:58.183 [main] BaseClass - User Password Entered
[INFO ] 2022-03-23 14:53:37.223 [main] BaseClass - Browser Opened and Instarent Website Launched
[INFO ] 2022-03-23 14:53:37.300 [main] BaseClass - User Email Entered
[INFO ] 2022-03-23 14:53:37.356 [main] BaseClass - User Password Entered
[INFO ] 2022-03-23 14:53:40.469 [main] BaseClass - Browser Opened and Instarent Website Launched
[INFO ] 2022-03-23 14:53:40.526 [main] BaseClass - User Email Entered
[INFO ] 2022-03-23 14:53:40.631 [main] BaseClass - User Password Entered
[INFO ] 2022-03-23 14:55:17.776 [main] BaseClass - Browser Opened and Instarent Website Launched
[INFO ] 2022-03-23 14:55:17.848 [main] BaseClass - User Email Entered
[INFO ] 2022-03-23 14:55:17.904 [main] BaseClass - User Password Entered
[INFO ] 2022-03-23 14:56:24.187 [main] BaseClass - Browser Opened and Instarent Website Launched
[INFO ] 2022-03-23 14:56:24.255 [main] BaseClass - User Email Entered
[INFO ] 2022-03-23 14:56:24.315 [main] BaseClass - User Password Entered
[INFO ] 2022-03-23 14:56:24.705 [main] BaseClass - Browser Opened and Instarent Website Launched
[INFO ] 2022-03-23 14:56:26.144 [main] BaseClass - User Email Entered
[INFO ] 2022-03-23 14:56:26.196 [main] BaseClass - User Password Entered
[INFO ] 2022-03-23 14:56:58.722 [main] BaseClass - Browser Opened and Instarent Website Launched
[INFO ] 2022-03-23 14:56:58.784 [main] BaseClass - User Email Entered
[INFO ] 2022-03-23 14:56:58.843 [main] BaseClass - User Password Entered
[INFO ] 2022-03-23 14:56:59.246 [main] BaseClass - Browser Opened and Instarent Website Launched
[INFO ] 2022-03-23 14:57:00.394 [main] BaseClass - User Email Entered
[INFO ] 2022-03-23 14:57:00.680 [main] BaseClass - User Password Entered
[INFO ] 2022-03-23 14:58:02.471 [main] BaseClass - Browser Opened and Instarent Website Launched
[INFO ] 2022-03-23 14:58:02.542 [main] BaseClass - User Email Entered
[INFO ] 2022-03-23 14:58:06.618 [main] BaseClass - User Password Entered
[INFO ] 2022-03-23 14:58:07.014 [main] BaseClass - Browser Opened and Instarent Website Launched
[INFO ] 2022-03-23 14:58:08.053 [main] BaseClass - User Email Entered
[INFO ] 2022-03-23 14:58:12.130 [main] BaseClass - User Password Entered
[INFO ] 2022-03-23 14:58:44.392 [main] BaseClass - Browser Opened and Instarent Website Launched
[INFO ] 2022-03-23 14:58:44.494 [main] BaseClass - User Email Entered
[INFO ] 2022-03-23 14:58:48.573 [main] BaseClass - User Password Entered
[INFO ] 2022-03-23 14:58:48.648 [main] BaseClass - Browser Opened and Instarent Website Launched
[INFO ] 2022-03-23 14:59:14.293 [main] BaseClass - Browser Opened and Instarent Website Launched
[INFO ] 2022-03-23 14:59:14.361 [main] BaseClass - User Email Entered
[INFO ] 2022-03-23 14:59:18.431 [main] BaseClass - User Password Entered
[INFO ] 2022-03-23 14:59:18.801 [main] BaseClass - Browser Opened and Instarent Website Launched
[INFO ] 2022-03-23 15:00:09.209 [main] BaseClass - Browser Opened and Instarent Website Launched
[INFO ] 2022-03-23 15:00:09.278 [main] BaseClass - User Email Entered
[INFO ] 2022-03-23 15:00:13.360 [main] BaseClass - User Password Entered
[INFO ] 2022-03-23 15:00:17.745 [main] BaseClass - Browser Opened and Instarent Website Launched
[INFO ] 2022-03-24 10:14:32.531 [main] BaseClass - Browser Opened and Instarent Website Launched
[INFO ] 2022-03-24 10:15:31.833 [main] BaseClass - Browser Opened and Instarent Website Launched
[INFO ] 2022-03-24 10:15:31.944 [main] BaseClass - User Email Entered
[INFO ] 2022-03-24 10:15:32.014 [main] BaseClass - User Password Entered
[INFO ] 2022-03-24 10:16:35.750 [main] BaseClass - Browser Opened and Instarent Website Launched
[INFO ] 2022-03-24 10:16:35.854 [main] BaseClass - User Email Entered
[INFO ] 2022-03-24 10:16:35.908 [main] BaseClass - User Password Entered
[INFO ] 2022-03-24 10:16:44.038 [main] BaseClass - Login Test Pass
[INFO ] 2022-03-24 13:41:56.319 [main] BaseClass - Browser Opened and Instarent Website Launched
[INFO ] 2022-03-24 13:41:56.458 [main] BaseClass - User Email Entered
[INFO ] 2022-03-24 13:41:56.528 [main] BaseClass - User Password Entered
[INFO ] 2022-03-24 13:42:04.646 [main] BaseClass - Login Test Pass
[INFO ] 2022-03-24 14:02:13.954 [main] BaseClass - Browser Opened and Instarent Website Launched
[INFO ] 2022-03-24 14:02:14.056 [main] BaseClass - User Email Entered
[INFO ] 2022-03-24 14:02:14.114 [main] BaseClass - User Password Entered
[INFO ] 2022-03-24 14:02:22.199 [main] BaseClass - Login Test Pass
[INFO ] 2022-03-24 14:32:47.833 [main] BaseClass - Browser Opened and Instarent Website Launched
[INFO ] 2022-03-24 14:32:47.942 [main] BaseClass - User Email Entered
[INFO ] 2022-03-24 14:32:48.005 [main] BaseClass - User Password Entered
[INFO ] 2022-03-24 14:32:56.111 [main] BaseClass - Login Test Pass
[INFO ] 2022-03-24 14:33:52.575 [main] BaseClass - Browser Opened and Instarent Website Launched
[INFO ] 2022-03-24 14:33:52.686 [main] BaseClass - User Email Entered
[INFO ] 2022-03-24 14:33:52.746 [main] BaseClass - User Password Entered
[INFO ] 2022-03-24 14:39:14.907 [main] BaseClass - Browser Opened and Instarent Website Launched
[INFO ] 2022-03-24 14:39:15.008 [main] BaseClass - User Email Entered
[INFO ] 2022-03-24 14:39:15.070 [main] BaseClass - User Password Entered
[INFO ] 2022-03-24 14:39:23.246 [main] BaseClass - Login Test Pass
[INFO ] 2022-03-25 11:16:58.009 [main] BaseClass - Browser Opened and Instarent Website Launched
[INFO ] 2022-03-25 11:16:58.166 [main] BaseClass - User Email Entered
[INFO ] 2022-03-25 11:16:58.247 [main] BaseClass - User Password Entered
[INFO ] 2022-03-25 11:17:06.317 [main] BaseClass - Login Test Pass
[INFO ] 2022-03-25 11:36:17.718 [main] BaseClass - Browser Opened and Instarent Website Launched
[INFO ] 2022-03-25 11:36:17.837 [main] BaseClass - User Email Entered
[INFO ] 2022-03-25 11:36:17.900 [main] BaseClass - User Password Entered
[INFO ] 2022-03-25 11:36:26.016 [main] BaseClass - Login Test Pass
[INFO ] 2022-03-25 11:42:51.101 [main] BaseClass - Browser Opened and Instarent Website Launched
[INFO ] 2022-03-25 11:42:51.212 [main] BaseClass - User Email Entered
[INFO ] 2022-03-25 11:42:51.296 [main] BaseClass - User Password Entered
[INFO ] 2022-03-25 11:42:59.372 [main] BaseClass - Login Test Pass
[INFO ] 2022-03-25 11:44:46.103 [main] BaseClass - Browser Opened and Instarent Website Launched
[INFO ] 2022-03-25 11:44:46.193 [main] BaseClass - User Email Entered
[INFO ] 2022-03-25 11:44:46.274 [main] BaseClass - User Password Entered
[INFO ] 2022-03-25 11:44:54.351 [main] BaseClass - Login Test Pass
[INFO ] 2022-03-25 14:36:44.888 [main] BaseClass - Browser Opened and Instarent Website Launched
[INFO ] 2022-03-25 14:36:45.006 [main] BaseClass - User Email Entered
[INFO ] 2022-03-25 14:36:45.062 [main] BaseClass - User Password Entered
[INFO ] 2022-03-25 14:36:53.150 [main] BaseClass - Login Test Pass
[INFO ] 2022-03-25 23:17:02.446 [main] BaseClass - Browser Opened and Instarent Website Launched
[INFO ] 2022-03-25 23:17:02.693 [main] BaseClass - User Email Entered
[INFO ] 2022-03-25 23:17:02.846 [main] BaseClass - User Password Entered
[INFO ] 2022-03-25 23:17:11.015 [main] BaseClass - Login Test Pass
[INFO ] 2022-03-26 06:58:43.867 [main] BaseClass - Browser Opened and Instarent Website Launched
[INFO ] 2022-03-26 06:58:44.078 [main] BaseClass - User Email Entered
[INFO ] 2022-03-26 06:58:44.145 [main] BaseClass - User Password Entered
[INFO ] 2022-03-26 07:00:01.421 [main] BaseClass - Browser Opened and Instarent Website Launched
[INFO ] 2022-03-26 07:00:01.534 [main] BaseClass - User Email Entered
[INFO ] 2022-03-26 07:00:01.628 [main] BaseClass - User Password Entered
[INFO ] 2022-03-26 07:01:58.215 [main] BaseClass - Browser Opened and Instarent Website Launched
[INFO ] 2022-03-26 07:01:58.366 [main] BaseClass - User Email Entered
[INFO ] 2022-03-26 07:01:58.442 [main] BaseClass - User Password Entered
[INFO ] 2022-03-26 07:02:06.544 [main] BaseClass - Login Test Pass
[INFO ] 2022-03-26 07:04:08.733 [main] BaseClass - Browser Opened and Instarent Website Launched
[INFO ] 2022-03-26 07:04:08.824 [main] BaseClass - User Email Entered
[INFO ] 2022-03-26 07:04:08.894 [main] BaseClass - User Password Entered
[INFO ] 2022-03-26 07:05:56.194 [main] BaseClass - Browser Opened and Instarent Website Launched
[INFO ] 2022-03-26 07:05:56.293 [main] BaseClass - User Email Entered
[INFO ] 2022-03-26 07:05:56.366 [main] BaseClass - User Password Entered
[INFO ] 2022-03-26 07:10:12.323 [main] BaseClass - Browser Opened and Instarent Website Launched
[INFO ] 2022-03-26 07:10:12.447 [main] BaseClass - User Email Entered
[INFO ] 2022-03-26 07:10:12.536 [main] BaseClass - User Password Entered
[INFO ] 2022-03-26 07:10:24.629 [main] BaseClass - Login Test Pass
[INFO ] 2022-03-26 07:12:18.495 [main] BaseClass - Browser Opened and Instarent Website Launched
[INFO ] 2022-03-26 07:12:18.597 [main] BaseClass - User Email Entered
[INFO ] 2022-03-26 07:12:18.658 [main] BaseClass - User Password Entered
[INFO ] 2022-03-26 07:12:30.740 [main] BaseClass - Login Test Pass
[INFO ] 2022-03-26 07:24:26.947 [main] BaseClass - Browser Opened and Instarent Website Launched
[INFO ] 2022-03-26 07:24:27.087 [main] BaseClass - User Email Entered
[INFO ] 2022-03-26 07:24:27.160 [main] BaseClass - User Password Entered
[INFO ] 2022-03-26 07:24:39.249 [main] BaseClass - Login Test Pass
[INFO ] 2022-03-26 07:37:12.497 [main] BaseClass - Browser Opened and Instarent Website Launched
[INFO ] 2022-03-26 07:37:12.710 [main] BaseClass - User Email Entered
[INFO ] 2022-03-26 07:37:12.797 [main] BaseClass - User Password Entered
[INFO ] 2022-03-26 07:37:24.886 [main] BaseClass - Login Test Pass
[INFO ] 2022-03-26 10:12:20.702 [main] BaseClass - Browser Opened and Instarent Website Launched
[INFO ] 2022-03-26 10:12:20.850 [main] BaseClass - User Email Entered
[INFO ] 2022-03-26 10:12:20.937 [main] BaseClass - User Password Entered
[INFO ] 2022-03-26 10:12:33.011 [main] BaseClass - Login Test Pass
